<?xml version="1.0" encoding="UTF-8"?>
<testsuite xmlns:xsi="http://www.w3.org/2001/XMLSchema-instance" xsi:noNamespaceSchemaLocation="https://maven.apache.org/surefire/maven-surefire-plugin/xsd/surefire-test-report-3.0.xsd" version="3.0" name="dk.sdu.cbse.player.PlayerControlSystemTest" time="0.12" tests="2" errors="0" skipped="0" failures="0">
  <properties>
    <property name="java.specification.version" value="23"/>
    <property name="sun.jnu.encoding" value="UTF-8"/>
    <property name="java.class.path" value="/Users/natashanellieorangeandersen/Documents/4_Semester/Komponentbaserede_systemer/Portfolio/AsteroidsProject/AsteroidsFX/Player/target/test-classes:/Users/natashanellieorangeandersen/.m2/repository/org/junit/jupiter/junit-jupiter/5.10.2/junit-jupiter-5.10.2.jar:/Users/natashanellieorangeandersen/.m2/repository/org/junit/jupiter/junit-jupiter-api/5.10.2/junit-jupiter-api-5.10.2.jar:/Users/natashanellieorangeandersen/.m2/repository/org/opentest4j/opentest4j/1.3.0/opentest4j-1.3.0.jar:/Users/natashanellieorangeandersen/.m2/repository/org/junit/platform/junit-platform-commons/1.10.2/junit-platform-commons-1.10.2.jar:/Users/natashanellieorangeandersen/.m2/repository/org/apiguardian/apiguardian-api/1.1.2/apiguardian-api-1.1.2.jar:/Users/natashanellieorangeandersen/.m2/repository/org/junit/jupiter/junit-jupiter-params/5.10.2/junit-jupiter-params-5.10.2.jar:/Users/natashanellieorangeandersen/.m2/repository/org/junit/jupiter/junit-jupiter-engine/5.10.2/junit-jupiter-engine-5.10.2.jar:/Users/natashanellieorangeandersen/.m2/repository/org/junit/platform/junit-platform-engine/1.10.2/junit-platform-engine-1.10.2.jar:"/>
    <property name="java.vm.vendor" value="Oracle Corporation"/>
    <property name="sun.arch.data.model" value="64"/>
    <property name="java.vendor.url" value="https://java.oracle.com/"/>
    <property name="os.name" value="Mac OS X"/>
    <property name="java.vm.specification.version" value="23"/>
    <property name="sun.java.launcher" value="SUN_STANDARD"/>
    <property name="user.country" value="DK"/>
    <property name="sun.boot.library.path" value="/Users/natashanellieorangeandersen/Library/Java/JavaVirtualMachines/openjdk-23.0.2/Contents/Home/lib"/>
    <property name="sun.java.command" value="org.apache.maven.surefire.booter.ForkedBooter /Users/natashanellieorangeandersen/Documents/4_Semester/Komponentbaserede_systemer/Portfolio/AsteroidsProject/AsteroidsFX/Player/target/surefire 2025-05-19T17-11-39_632-jvmRun1 surefire-20250519171151818_1tmp surefire_0-20250519171151818_2tmp"/>
    <property name="jdk.debug" value="release"/>
    <property name="surefire.test.class.path" value="/Users/natashanellieorangeandersen/Documents/4_Semester/Komponentbaserede_systemer/Portfolio/AsteroidsProject/AsteroidsFX/Player/target/test-classes:/Users/natashanellieorangeandersen/.m2/repository/org/junit/jupiter/junit-jupiter/5.10.2/junit-jupiter-5.10.2.jar:/Users/natashanellieorangeandersen/.m2/repository/org/junit/jupiter/junit-jupiter-api/5.10.2/junit-jupiter-api-5.10.2.jar:/Users/natashanellieorangeandersen/.m2/repository/org/opentest4j/opentest4j/1.3.0/opentest4j-1.3.0.jar:/Users/natashanellieorangeandersen/.m2/repository/org/junit/platform/junit-platform-commons/1.10.2/junit-platform-commons-1.10.2.jar:/Users/natashanellieorangeandersen/.m2/repository/org/apiguardian/apiguardian-api/1.1.2/apiguardian-api-1.1.2.jar:/Users/natashanellieorangeandersen/.m2/repository/org/junit/jupiter/junit-jupiter-params/5.10.2/junit-jupiter-params-5.10.2.jar:/Users/natashanellieorangeandersen/.m2/repository/org/junit/jupiter/junit-jupiter-engine/5.10.2/junit-jupiter-engine-5.10.2.jar:/Users/natashanellieorangeandersen/.m2/repository/org/junit/platform/junit-platform-engine/1.10.2/junit-platform-engine-1.10.2.jar:"/>
    <property name="sun.cpu.endian" value="little"/>
    <property name="user.home" value="/Users/natashanellieorangeandersen"/>
    <property name="user.language" value="da"/>
    <property name="java.specification.vendor" value="Oracle Corporation"/>
    <property name="jdk.module.path" value="/Users/natashanellieorangeandersen/Documents/4_Semester/Komponentbaserede_systemer/Portfolio/AsteroidsProject/AsteroidsFX/Player/target/classes:/Users/natashanellieorangeandersen/Documents/4_Semester/Komponentbaserede_systemer/Portfolio/AsteroidsProject/AsteroidsFX/Common/target/Common-1.0.1-SNAPSHOT.jar:/Users/natashanellieorangeandersen/Documents/4_Semester/Komponentbaserede_systemer/Portfolio/AsteroidsProject/AsteroidsFX/CommonShips/target/CommonShips-1.0.1-SNAPSHOT.jar:/Users/natashanellieorangeandersen/Documents/4_Semester/Komponentbaserede_systemer/Portfolio/AsteroidsProject/AsteroidsFX/CommonBullet/target/CommonBullet-1.0.1-SNAPSHOT.jar"/>
    <property name="java.version.date" value="2025-01-21"/>
    <property name="java.home" value="/Users/natashanellieorangeandersen/Library/Java/JavaVirtualMachines/openjdk-23.0.2/Contents/Home"/>
    <property name="file.separator" value="/"/>
    <property name="basedir" value="/Users/natashanellieorangeandersen/Documents/4_Semester/Komponentbaserede_systemer/Portfolio/AsteroidsProject/AsteroidsFX/Player"/>
    <property name="java.vm.compressedOopsMode" value="Zero based"/>
    <property name="line.separator" value="&#10;"/>
    <property name="java.vm.specification.vendor" value="Oracle Corporation"/>
    <property name="java.specification.name" value="Java Platform API Specification"/>
    <property name="apple.awt.application.name" value="ForkedBooter"/>
    <property name="surefire.real.class.path" value="/Users/natashanellieorangeandersen/.m2/repository/org/apache/maven/surefire/surefire-booter/3.0.0/surefire-booter-3.0.0.jar:/Users/natashanellieorangeandersen/.m2/repository/org/apache/maven/surefire/surefire-api/3.0.0/surefire-api-3.0.0.jar:/Users/natashanellieorangeandersen/.m2/repository/org/apache/maven/surefire/surefire-extensions-spi/3.0.0/surefire-extensions-spi-3.0.0.jar:/Users/natashanellieorangeandersen/.m2/repository/org/apache/maven/surefire/surefire-logger-api/3.0.0/surefire-logger-api-3.0.0.jar:/Users/natashanellieorangeandersen/.m2/repository/org/apache/maven/surefire/surefire-shared-utils/3.0.0/surefire-shared-utils-3.0.0.jar:/Users/natashanellieorangeandersen/Documents/4_Semester/Komponentbaserede_systemer/Portfolio/AsteroidsProject/AsteroidsFX/Player/target/test-classes:/Users/natashanellieorangeandersen/.m2/repository/org/junit/jupiter/junit-jupiter/5.10.2/junit-jupiter-5.10.2.jar:/Users/natashanellieorangeandersen/.m2/repository/org/junit/jupiter/junit-jupiter-api/5.10.2/junit-jupiter-api-5.10.2.jar:/Users/natashanellieorangeandersen/.m2/repository/org/opentest4j/opentest4j/1.3.0/opentest4j-1.3.0.jar:/Users/natashanellieorangeandersen/.m2/repository/org/junit/platform/junit-platform-commons/1.10.2/junit-platform-commons-1.10.2.jar:/Users/natashanellieorangeandersen/.m2/repository/org/apiguardian/apiguardian-api/1.1.2/apiguardian-api-1.1.2.jar:/Users/natashanellieorangeandersen/.m2/repository/org/junit/jupiter/junit-jupiter-params/5.10.2/junit-jupiter-params-5.10.2.jar:/Users/natashanellieorangeandersen/.m2/repository/org/junit/jupiter/junit-jupiter-engine/5.10.2/junit-jupiter-engine-5.10.2.jar:/Users/natashanellieorangeandersen/.m2/repository/org/junit/platform/junit-platform-engine/1.10.2/junit-platform-engine-1.10.2.jar:/Users/natashanellieorangeandersen/.m2/repository/org/apache/maven/surefire/surefire-junit-platform/3.0.0/surefire-junit-platform-3.0.0.jar:/Users/natashanellieorangeandersen/.m2/repository/org/apache/maven/surefire/common-java5/3.0.0/common-java5-3.0.0.jar:/Users/natashanellieorangeandersen/.m2/repository/org/junit/platform/junit-platform-launcher/1.10.2/junit-platform-launcher-1.10.2.jar"/>
    <property name="sun.management.compiler" value="HotSpot 64-Bit Tiered Compilers"/>
    <property name="java.runtime.version" value="23.0.2+7-58"/>
    <property name="user.name" value="natashanellieorangeandersen"/>
    <property name="stdout.encoding" value="UTF-8"/>
    <property name="path.separator" value=":"/>
    <property name="os.version" value="15.4.1"/>
    <property name="java.runtime.name" value="OpenJDK Runtime Environment"/>
    <property name="file.encoding" value="UTF-8"/>
    <property name="java.vm.name" value="OpenJDK 64-Bit Server VM"/>
    <property name="localRepository" value="/Users/natashanellieorangeandersen/.m2/repository"/>
    <property name="java.vendor.url.bug" value="https://bugreport.java.com/bugreport/"/>
    <property name="java.io.tmpdir" value="/var/folders/zp/61hg4tks4qv6y_hg3zh4xpbc0000gn/T/"/>
    <property name="idea.version" value="2023.2.1"/>
    <property name="java.version" value="23.0.2"/>
    <property name="user.dir" value="/Users/natashanellieorangeandersen/Documents/4_Semester/Komponentbaserede_systemer/Portfolio/AsteroidsProject/AsteroidsFX/Player"/>
    <property name="os.arch" value="x86_64"/>
    <property name="java.vm.specification.name" value="Java Virtual Machine Specification"/>
    <property name="native.encoding" value="UTF-8"/>
    <property name="java.library.path" value="/Users/natashanellieorangeandersen/Library/Java/Extensions:/Library/Java/Extensions:/Network/Library/Java/Extensions:/System/Library/Java/Extensions:/usr/lib/java:."/>
    <property name="java.vm.info" value="mixed mode"/>
    <property name="stderr.encoding" value="UTF-8"/>
    <property name="java.vendor" value="Oracle Corporation"/>
    <property name="java.vm.version" value="23.0.2+7-58"/>
    <property name="sun.io.unicode.encoding" value="UnicodeBig"/>
    <property name="java.class.version" value="67.0"/>
  </properties>
  <testcase name="turnPlayerLeft" classname="dk.sdu.cbse.player.PlayerControlSystemTest" time="0.067"/>
  <testcase name="turnPlayerRight" classname="dk.sdu.cbse.player.PlayerControlSystemTest" time="0.005"/>
</testsuite>